[   0.00000]Linux rsion 4.8.0-49-generic buld@ly01-30) (gcc version 6.2.0 20161005 (Ubuntu 6.2.0-5ubuntu12) ) #52-Ubuntu SMP Thu Apr0 09:38:39 UTC 2017 (Ubuntu 4.8.0-49.52-generic 4.8.17)
[    0.000000] Command line: BOOT_IMAGE=/boot/vmlinuz-4.8.0-49-generic root=UUID=1eac6e06-02e4-400a-b7f9-523d040aefb7 ro console=tty1 console=ttyS0
[    0.000000] KERNEL supported cpus:
[    0.00000]   Intel GenuineIntel
[    0.000000   AMD AuthenticAMD
[    0.000000]   Centaur CentaurHauls
[    0.000000] x86/fpu: Supporting XSAVE feature 0x001: 'x87 floating point registers'
[    0.000000] x86/fpu: Supporting XSAVE feature 0x002: 'SSE registers'
[    0.000000] x86/fpu: Supporting XSAVE feature 0x004: 'AVX registers'
[    0.000000] x86/fpu: xstate_offset[2]:  576, xstate_sizes[2]:  256
[    0.000000] x86/fpu: Enabled xstate features 0x7, context size is 832 bytes, uin 'standard' format.
[    0.000000] x86/fpu: Using 'eager' FPU context switches.
[    0.000000] e820: BIOS-provided physical RAM map:
[    0.000000] BIOS-e820: [mem 0x0000000000000000-0x000000000009fbff] usable
[    0.000000] BIOS-e20 [mem 0x000000000009fc00-0x000000000009ffff] reserved
[    0.000000] BIOS-e820: [mem 0x00000000000f0000-0x00000000000fffff] reserved
[    0.000000] BIOS-e820: [mem 0x0000000000100000-0x000000007ffeffff] usable
[    0.000000] BIOS-e820: [mem 0x000000007fff0000-0x000000007fffffff] ACPI data
[    0.000000] BIOS-e820: [mem 0x00000000fffc0000-0x00000000ffffffff] reserved
[    0.000000] NX (Execute Disable) protection: active
[    0.000000] SMBIOS 2.5 present.
[    0.000000] Hypervisor detected: KVM
[    0.000000] e820: last_pfn= 0x7fff0 max_arch_pfn = 0x400000000
[    0.000000] MTRR: Disabled
[   0000000] x86/PAT: MTRRsdisabled,skipping PAT initialization too.
[    0.000000] x86/PAT: Configuration [0-7]: WB  WT  UC- UC  WB  WT  UC- UC  
[    0.000000] CPU MTRRs all blank - virtalized system.
[    0.000000 foud SMP MP-table at [mem 0x0009fff0-0x0009ffff] mapped at [ffff9af70009fff0]
[    0.000000] Scanning 1 areas for low memory corruption
[   .000000 RAMDISK: [mm 0x35ff000-0x36feffff]
[    0.000000] ACPI: Early table checksum verification disabled
[    0.000000] ACPI: RSDP 0x00000000000E0000 000024 (v02 VBOX  )
[    0.000000] ACPI: XDT 0x000000007FFF0030 00003C (v01 VBOX   VBOXXSDT 00000001 ASL  00000061)
[    0000000] ACPI: FACP 0x00000000FFF00F0 0000F4 (v04 VBOX   VBOXFACP 00000001 ASL  00000061)
[   0.000000] ACPI: DSDT 0x000000007FFF0470 002106 (v01 VBOX   VBOXBIOS 00000002 INTL 20100528)
[    0.000000] ACPI: FACS 0x000000007FFF0200 000040
[    0.000000] ACPI: FACS 0x000000007FFF0200 000040
[    0.000000] ACPI: APIC 0x000000007FFF0240 00005C (v02 VBOX   VBOXAPIC 00000001 ASL  00000061)
[    0.000000] ACPI: SSDT 0x000000007FFF02A0 0001CC (v01 VBOX   VBOXCPUT 00000002 INTL 20100528)
[    0.000000] No NUMA configuration found
[    0.000000] Faking a node at [mem 0x0000000000000000-0x000000007ffeffff]
[    0.000000] NODE_DATA(0) allocated [mem 0x7ffeb000-0x7ffeffff]
[    0.000000] kvm-clock: Using msrs 4b564d01 and 4b564d00
[    0.000000] kvm-clock: cpu 0, msr 0:7ffe3001, primary cpu clock
[    0.000000] kvm-clock: using sched offset of 4400421253 cycles
[    0.000000] clocksource: kvm-clock: mask 0xffffffffffffffff max_cycles: 0x1cd42e4dff, max_idle_ns: 881590591483 ns
[    0.000000] Zone ranges:
[    0.000000]   DMA      [mem 0x0000000000001000-0x0000000000ffffff]
[    0.000000]   DMA32    [mem 0x0000000001000000-0x000000007ffeffff]
[    0.000000]   ormal   empty
[    0.000000]   Device   empty
[    0.000000] Movable zone start for each node
[    0.000000] Early memrynode ranges
[    0.000000]   node   0: [mem 0x0000000000001000-0x00000000009efff]
[  0.000000]   node   0: [mem 0x0000000000100000-0x000000007ffeffff]
[    0.000000] Initmem setup node 0 [mem 0x0000000000001000-0x000000007ffeffff]
[    0.000000] ACPI: PM-Timer IO Port: 0x4008
[    0.00000] IOAPIC[0]: apic_id 2, version 17, address 0xfec00000, GSI 0-23
[  0.000000] ACPI: INT_SRC_OVR (bus 0 bus_irq 0 global_irq 2 dfl dfl)
[    0.000000] ACPI: INT_SRC_OVR (bus 0 bus_irq 9 global_irq 9 high level)
[    0.000000] Using API (MADT) for SMP coiguration information
[    0.000000] smpboot: Allowing 2 CPUs, 0 hotplug CPUs
[    0.000000] PM: Registered nosav memory: [mem0x00000000-0x00000fff]
[    0.000000] PM: Registered nosave memory: [mem 0x0009f000-0x0009ffff]
[    0.000000] PM: Registered nosave memory: [mem 0x000a0000-0x000effff]
[  0.000000] PM Reistered nosave memory: em 0x000f0000-0x000fffff]
[   0.000000 e0:[mem0x800000-0xffbffff] aailabe for PCI devices
[   0.000000]Bootng paavrtualized kerelon KM
[  0.00000]clocource: refinejifies: mask: 0xfffffff max_cycle: 0xffffffff, max_idle_ns: 7645519600211568 ns
[  0000000]seuperpu NRCPS:2 nr_cpumask_bits:512 nr_cpu_ids:2 nr_node_ids:1
[    0.000000] percpu: Embedded 36 pages/cpu @ffff9af77fc00000s10784 r8192 d31400 u104576
[    0.000000] PV qspinlock hash table entries: 256 (order: 0, 4096 bytes)
[   0.00000]Built 1 zonelists in Node order, mobility groupin on.  Total pages: 55961
[    0.000000] Policy zone: DMA32
[    0.000000] Kernel command line: BOOT_IMAGE=/boot/vmlinuz-4.8.0-49-generic root=UUID=1eac6e06-02e4-400a-b7f9-523d040aefb7 ro console=tty1 console=ttyS0
[    0.000000] PID hash table entries: 4096 (order: 3, 32768 bytes)
[    0.000000] Memory: 2028144K/2096696K available (8848K kernel code, 1441K rwdata, 3828K rodata, 1552K init, 1296K bss, 68552K reserved, 0K cma-reserved)
[    0.000000] SLUB: HWalign=64, Order=0-3, MinObjects=0, CPUs=2, Nodes=1
[    0.000000] Hierarchical RCU implementation.
[    0.000000] 	Build-time adjustment of leaf fanout to 64.
[    0.000000] 	RCU restricting CPUs from NR_CPUS=512 to nr_cpu_ids=2.
[    0.000000] RCU: Adjusting geometry for rcu_fanout_leaf=64, nr_cpu_ids=2
[    0.000000] NR_IRQS:33024 nr_irqs:440 16
[    0.000000] Console: colour VGA+ 80x25
[    0.000000] console [tty] enabled
[    0.000000] console [ttyS0] enabled
[    0.000000] tsc: Detected 2494.316 MHz processor
[    3.905968] Calibrating delay loop (skipped) preset value.. 4988.63 BogoMIPS (lpj=9977264)
[    3.938717] pid_max: default: 32768 minimum: 301
[    3.950349] ACPI: Core revision 20160422
[    3.954533] ACPI: 2 ACPI AML tables successfully acquired and loaded
[    3.973579] 
[    3.974320] Security Framework initialized
[    3.975698] Yama: becoming mindful.
[    3.978191] AppArmor: AppArmor initialized
[    3.981794] Dentry cache hash table entries: 262144 (order: 9, 2097152 bytes)
[    3.984614] Inode-cache hash table entries: 131072 (order: 8, 1048576 bytes)
[    3.987488] Mount-cache hash table entries: 4096 (order: 3, 32768 bytes)
[    3.993508] Mountpoint-cache hash table entries: 4096 (order: 3, 32768 bytes)
[    4.006877] CPU: Physical Processor ID: 0
[    4.025594] CPU: Processor Core ID: 0
[    4.038034] mce: CPU supports 0 MCE banks
[    4.043372] Last level iTLB entries: 4KB 512, 2MB 8, 4MB 8
[    4.055039] Last level dTLB entries: 4KB 512, 2MB 32, 4MB 32, 1GB 0
[    4.069649] Freeing SMP alternatives memory: 32K (ffffffffb52ee000 - ffffffffb52f6000)
[    4.099681] ftrace: allocating 33428 entries in 131 pages
[    4.207075] smpboot: APIC(0) Converting physical 0 to logical package 0
[    4.226071] smpboot: Max logical packages: 1
[    4.237562] ..TIMER: vector=0x30 apic1=0 pin1=2 apic2=-1 pin2=-1
[    4.356252] smpboo: CPU0: Intel(R) Core(TM) i7-3667U CPU @ 2.00GHz (family: 0x6, model: 0x3a, stepping: 0x9)
[    4.420187] Performance Events: unsupported p6 CPU model 58 no PMU driver, software events only.
[    4.425432] KVM setup paravirtual spinlock
[    4.427953] x86: Booting SMP configuration:
[    4.433706] .... node  #0, CPUs:      #1
[    4.435238] kvm-clock: cpu 1, msr 0:7ffe3041, secondary cpu clock
[    4.511650] mce: CPU supports 0 MCE banks
[    4.523800] x86: Booted up 1 node, 2 CPUs
[    4.533781] smpboot: Total of 2 processors activated (9977.26 BogoMIPS)
[    4.539316] devtmpfs: initialized
[    4.541395] x86/mm: Memory block size: 128MB
[    4.557484] evm: security.selinux
[    4.559611] evm: security.SMACK64
[    4.565106] evm: security.SMACK64EXEC
[    4.569831] evm: security.SMACK64TRANSMUTE
[    4.571302] evm: security.SMACK64MMAP
[    4.579541] evm: security.ima
[    4.580714] evm: security.capability
[    4.594299] clocksource: jiffies: mask: 0xffffffff max_cycles: 0xffffffff, max_idle_ns: 7645041785100000 ns
[    4.619884] pinctrl core: initialized pinctrl subsystem
[    4.629608] RTC time: 22:19:58, date: 05/10/17
[    4.640846] NET: Registered protocol family 16
[    4.660398] cpuidle: using governor ladder
[    4.680618] cpuidle: using governor menu
[    4.683101] PCCT header not found.
[    4.685469] ACPI: bus type PCI registered
[    4.690316] acpiphp: ACPI Hot Plug PCI Controller Driver version: 0.5
[    4.706343] PCI: Using configuration type 1 for base access
[    4.746220] HugeTLB registered 2 MB page size, pre-allocated 0 pages
[    4.771243] ACPI: Added _OSI(Module Device)
[    4.798613] ACPI: Added _OSI(Processor Device)
[    4.865936] ACPI: Added _OSI(3.0 _SCP Extensions)
[    4.944977] ACPI: Added _OSI(Processor Aggregator Device)
[    4.963193] ACPI: Executed 1 blocks of module-level executable AML code
[    4.990829] ACPI: Interpreter enabled
[    5.008828] ACPI: (supports S0 S5)
[    5.029856] ACPI: Using IOAPIC for interrupt routing
[    5.038728] PCI: Using host bridge windows from ACPI; if necessary, use "pci=nocrs" and report a bug
[    5.056339] ACPI: PCI Root Bridge [PCI0] (domain 0000 [bus 00-ff])
[    5.062982] acpi PNP0A03:00: _OSC: OS supports [ASPM ClockPM Segments MSI]
[    5.066443] acpi PNP0A03:00: _OSC failed (AE_NOT_FOUND); disabling ASPM
[    5.069994] acpi PNP0A03:00: fail to add MMCONFIG information, can't access extended PCI configuration space under this bridge.
[    5.076423] PCI host bridge to bus 0000:00
[    5.081903] pci_bus 0000:00: root bus resource [io  0x0000-0x0cf7 window]
[    5.090858] pci_bus 0000:00: root bus resource [io  0x0d00-0xffff window]
[    5.103893] pci_bus 0000:00: root bus resource [mem 0x000a0000-0x000bffff window]
[    5.121536] pci_bus 0000:00: root bus resource [mem 0x80000000-0xffdfffff window]
[    5.131090] pci_bus 0000:00: root bus resource [bus 00-ff]
[    5.143253] pci 0000:00:01.1: legacy IDE quirk: reg 0x10: [io  0x01f0-0x01f7]
[    5.150342] pci 0000:00:01.1: legacy IDE quirk: reg 0x14: [io  0x03f6]
[    5.160180] pci 0000:00:01.1: legacy IDE quirk: reg 0x18: [io  0x0170-0x0177]
[    5.164468] pci 0000:00:01.1: legacy IDE quirk: reg 0x1c: [io  0x0376]
[    5.223711] ACPI: PCI Interrupt Link [LNKA] (IRQs 5 9 10 11) *0, disabled.
[    5.291383] ACPI: PCI Interrupt Link [LNKB] (IRQs 5 9 10 *11)
[    5.297175] ACPI: PCI Interrupt Link [LNKC] (IRQs 5 9 *10 11)
[    5.304414] ACPI: PCI Interrupt Link [LNKD] (IRQs 5 *9 10 11)
[    5.308738] ACPI: Enabled 2 GPEs in block 00 to 07
[    5.315002] SCSI subsystem initialized
[    5.320902] vgaarb: setting as boot device: PCI:0000:00:02.0
[    5.325713] vgaarb: device added: PCI:0000:00:02.0,decodes=io+mem,owns=io+mem,locks=none
[    5.333154] vgaarb: loaded
[    5.338465] vgaarb: bridge control possible 0000:00:02.0
[    5.352071] ACPI: bus type USB registered
[    5.358612] usbcore: registered new interface driver usbfs
[    5.367049] usbcore: registered new interface driver hub
[    5.382574] usbcore: registered new device driver usb
[    5.394506] PCI: Using ACPI for IRQ routing
[    5.407373] NetLabel: Initializing
[    5.417087] NetLabel:  domain hash size = 128
[    5.437621] NetLabel:  protocols = UNLABELED CIPSOv4
[    5.448384] NetLabel:  unlabeled traffic allowed by default
[    5.450934] clocksource: Switched to clocksource kvm-clock
[    5.467872] VFS: Disk quotas dquot_6.6.0
    5.472273] VFS: Dquot-cache hash tableenies: 512 (order 0, 4096 bytes)
[    5.718540] AppArmor: AppArmor Filesystem Enabled
[    5.720660] pnp: PnP ACPI init
[    5.722907] pnp: PnP ACPI: found 3 devices

[    5.741971] clocksource: acp_p: ask: 0xffffff max_cycles: 0xffffff, max_dle_ns: 2085701024 ns
[   6.002290] NET: Registereprtoolfail2
[   670182] TCP estalied hash tableenries: 16384 (order: 5, 131072 btes)
[    6.8089 TC bd astable entries: 16384 (order: 6, 262144 bytes)
[   131350] TCP: Hash tables configured (established 16384 bind 16384)
[    7.277772] UDP hash table entries: 104 (order: 3, 32768 ytes)
[    7.393574] UDP-Lite hash table entries: 1024 (order: 3, 32768 bytes)
[    7.433486] NET: Registered protocol family 1
[    7.43913] pci 0000:00:00.0: Limiting direct PCI/PCI transfers
[    7.508943] pci 0000:0:01.0: Activating ISA DMA hang workarounds
[   7.547814] pci000:00:02.0: Video device with shadowed ROM at [mem 0000c0000-0x000dffff

[    7.816487] Unpacking initramfs...
[    8.467164] Freeing initrd memory: 16384K (ffff9af735ff0000 - ffff9af736ff0000)
[    8.472056] platform rtc_cmos: registered platform RTC device (no PNP device found)
[    8.491806] Scanning for low memory corruption every 60 seconds
[    8.522627] futex hash table entries: 512 (order: 3, 32768 bytes)
[    8.540092] audit: initializing netlink subsys (disabled)
[    8.546590] audit: type=2000 audit(1494454802.897:1): initialized
[    8.548946] Initialise system trusted keyrings
[    8.557083] workingset: timestamp_bits=40 max_order=19 bucket_order=0
[    8.561178] zbud: loaded
[    8.563106] squashfs: version 4.0 (2009/01/31) Phillip Lougher
[    8.571372] fuse init (API version 7.25)
[    8.592538] Allocating IMA blacklist keyring.
[    8.606394] Key type asymmetric registered
[    8.631419] Asymmetric key parser 'x509' registered
[    8.655271] Block layer SCSI generic (bsg) driver version 0.4 loaded (major 248)
[    8.698172] io scheduler noop registered
[    8.703115] io scheduler deadline registered (default)
[    8.717122] io scheduler cfq registered
[    8.722674] pci_hotplug: PCI Hot Plug PCI Core version: 0.5
[    8.746486] pciehp: PCI Express Hot Plug Controller Driver version: 0.4
[    8.768256] ACPI: AC Adapter [AC] (on-line)
[    8.782199] input: Power Button as /devices/LNXSYSTM:00/LNXPWRBN:00/input/input0
[    8.791385] ACPI: Power Button [PWRF]
[    8.800977] input: Sleep Button as /devices/LNXSYSTM:00/LNXSLPBN:00/input/input1
[    8.812613] ACPI: Sleep Button [SLPF]
[    8.828185] ACPI: Battery Slot [BAT0] (battery present)
[    8.852872] GHES: HEST is not enabled!
[    8.858537] Serial: 8250/16550 driver, 32 ports, IRQ sharing enabled
[    8.902562] 00:02: ttyS0 at I/O 0x3f8 (irq = 4, base_baud = 115200) is a 16550A
[    8.913418] Linux agpgart interface v0.103
[    8.928068] loop: module loaded
[    8.939696] scsi host0: ata_piix
[    8.960395] scsi host1: ata_piix
[    8.977781] ata1: PATA max UDMA/33 cmd 0x1f0 ctl 0x3f6 bmdma 0xd000 irq 14
[    9.012389] ata2: PATA max UDMA/33 cmd 0x170 ctl 0x376 bmdma 0xd008 irq 15
[    9.015252] libphy: Fixed MDIO Bus: probed
[    9.020302] tun: Universal TUN/TAP device driver, 1.6
[    9.021912] tun: (C) 1999-2004 Max Krasnyansky <maxk@qualcomm.com>
[    9.037420] PPP generic driver version 2.4.2
[    9.050689] ehci_hcd: USB 2.0 'Enhanced' Host Controller (EHCI) Driver
[    9.062163] ehci-pci: EHCI PCI platform driver
[    9.098470] ehci-platform: EHCI generic platform driver
[    9.115599] ohci_hcd: USB 1.1 'Open' Host Controller (OHCI) Driver
[    9.142913] ohci-pci: OHCI PCI platform driver
[    9.157219] ohci-platform: OHCI generic platform driver
[    9.160593] uhci_hcd: USB Universal Host Controller Interface driver
[    9.173875] i8042: PNP: PS/2 Controller [PNP0303:PS2K,PNP0f03:PS2M] at 0x60,0x64 irq 1,12
[    9.201034] serio: i8042 KBD port at 0x60,0x64 irq 1
[    9.219979] serio: i8042 AUX port at 0x60,0x64 irq 12
[    9.235100] mousedev: PS/2 mouse device common for all mice
[    9.243132] rtc_cmos rtc_cmos: rtc core: registered rtc_cmos as rt0
[    9.316898] rtc_cmos rtc_cos alarms up to one day, 114 bytes nvram

[    9.408912] i2c /dev entries driver
[    9.409040] input: AT Translated Set 2 keyboard as /devices/plaform/i8042/serio0/input/input2
    9.492851] tsc: Refined TSC clocksource calibration: 2495.643 MHz

[    9.535906] clocksource: tsc: mask: 0xffffffffffffffff max_cycles: 0x23f925b52ed, max_idle_ns: 440795245931 ns
[    9.536008] device-mapper: uevent: version 1.0.3
[    9.536228] device-mapper: ioctl: 4.35.0-ioctl (2016-06-23) initialised: dm-devel@redhat.com
[    9.580340] ledtrig-cpu: registered to indicate activity on CPUs
[    9.613403] NET: Registered protocol family 10
[    9.625034] NET: Registered protocol family 17
[    9.645788] Key type dns_resolver registered
[    9.658389] microcode: sig=0x306a9, pf=0x2, revision=0x19
[    9.663532] microcode: Microcode Update Driver: v2.01 <tigran@aivazian.fsnet.co.uk>, Peter Oruba
[    9.670257] registered taskstats version 1
[    9.681925] Loading compiled-in X.509 certificates
[    9.689216] Loaded X.509 cert 'Build time autogenerated kernel key: ed2ad6760e14855493b8d26e797bcffb6b7549f9'
[    9.704686] zswap: loaded using pool lzo/zbud
[    9.750814] Key type big_key registered
[    9.758797] Key type trusted registered
[    9.774085] Key type encrypted registered
[    9.776510] AppArmor: AppArmor sha1 policy hashing enabled
[    9.780741] ima: No TPM chip found, activating TPM-bypass!
[    9.788434] evm: HMAC attrs: 0x1
[    9.802404]   Magic number: 1:351:350
[    9.815566]   hash matches /build/linux-hfOy5U/linux-4.8.0/drivers/base/power/main.c:1359
[    9.825832] rtc_cmos rtc_cmos: setting system clock to 2017-05-10 22:20:03 UTC (1494454803)
[    9.846410] BIOS EDD facility v0.16 2004-Jun-25, 0 devices found
[    9.855532] EDD information not available.
[    9.869522] Freeing unused kernel memory: 1552K (ffffffffb516a000 - ffffffffb52ee000)
[    9.876843] Write protecting the kernel read-only data: 14336k
[    9.890134] Freeing unused kernel memory: 1376K (ffff9af73a0a8000 - ffff9af73a200000)
[    9.893352] Freeing unused kernel memory: 268K (ffff9af73a5bd000 - ffff9af73a600000)
[    9.918559] x86/mm: Checked W+X mappings: passed, no W+X pages found.
Loading, please wait...
starting version[    9.992334] random: systemd-udevd: uninitialized urandom read (16 bytes read)
 231
[    9.993128] random: udevadm: uninitialized urandom read (16 bytes read)
[    9.993165] random: udevadm: uninitialized urandom read (16 bytes read)
[    9.993757] random: udevadm: uninitialized urandom read (16 bytes read)
[    9.993806] random: udevadm: uninitialized urandom read (16 bytes read)
[    9.993819] random: udevadm: uninitialized urandom read (16 bytes read)
[    9.994024] random: udevadm: uninitialized urandom read (16 bytes read)
[    9.994073] random: udevadm: uninitialized urandom read (16 bytes read)
[    9.994121] random: udevadm: uninitialized urandom read (16 bytes read)
[    9.994167] random: udevadm: uninitialized urandom read (16 bytes read)
[   10.122024] e1000: Intel(R) PRO/1000 Network Driver - version 7.3.21-k8-NAPI
[   10.131261] e1000: Copyright (c) 1999-2006 Intel Corporation.
[   10.139994] Fusion MPT base driver 3.04.20
[   10.153790] Copyright (c) 1999-2008 LSI Corporation
[   10.205375] AVX version of gcm_enc/dec engaged.
[   10.222680] AES CTR mode by8 optimization enabled
[   10.250327] Fusion MPT SPI Host driver 3.04.20
[   10.344125] input: ImExPS/2 Generic Explorer Mouse as /devices/platform/i8042/serio1/input/input4
[   10.844056] e1000 0000:00:03.0 eth0: (PCI:33MHz:32-bit) 02:6b:67:86:7c:39
[   10.855472] e1000 0000:00:03.0 eth0: Intel(R) PRO/1000 Network Connection
[   10.863848] e1000 0000:00:03.0 enp0s3: renamed from eth0
[   10.877774] mptbase: ioc0: Initiating bringup
[   11.649031] ioc0: LSI53C1030 A0: Capabilities={Initiator}
[   13.476906] floppy0: no floppy controllers found
[   13.653248] scsi host2: ioc0: LSI53C1030 A0, FwRev=00000000h, Ports=1, MaxQ=256, IRQ=20
[   13.848876] scsi 2:0:0:0: Direct-Access     VBOX     HARDDISK         1.0  PQ: 0 ANSI: 5
[   13.910566] scsi target2:0:0: Beginning Domain Validation
[   13.923746] scsi target2:0:0: Domain Validation skipping write tests
[   13.975789] scsi target2:0:0: Ending Domain Validation
[   13.999023] scsi target2:0:0: asynchronous
[   14.028074] scsi 2:0:1:0: Direct-Access     VBOX     HARDDISK         1.0  PQ: 0 ANSI: 5
[   14.051914] scsi target2:0:1: Beginning Domain Validation
[   14.080367] scsi target2:0:1: Domain Validation skipping write tests
[   14.103090] scsi target2:0:1: Ending Domain Validation
[   14.132880] scsi target2:0:1: asynchronous
[   14.157596] random: fast init done
[   14.171063] sd 2:0:0:0: Attached scsi generic sg0 type 0
[   14.171144] sd 2:0:0:0: [sda] 20971520 512-byte logical blocks: (10.7 GB/10.0 GiB)
[   14.171372] sd 2:0:0:0: [sda] Write Protect is off
[   14.171506] sd 2:0:0:0: [sda] Incomplete mode parameter data
[   14.171507] sd 2:0:0:0: [sda] Assuming drive cache: write through
[   14.174943]  sda: sda1
[   14.175737] sd 2:0:0:0: [sda] Attached SCSI disk
[   14.339685] sd 2:0:1:0: Attached scsi generic sg1 type 0
[   14.339819] sd 2:0:1:0: [sdb] 20480 512-byte logical blocks: (10.5 MB/10.0 MiB)
[   14.340058] sd 2:0:1:0: [sdb] Write Protect is off
[   14.340162] sd 2:0:1:0: [sdb] Incomplete mode parameter data
[   14.340162] sd 2:0:1:0: [sdb] Assuming drive cache: write through
[   14.344661] sd 2:0:1:0: [sdb] Attached SCSI disk
Begin: Loading e[   16.020208] md: linear personality registered for level -1
ssential drivers[   16.074111] md: multipath personality registered for level -4
 ... [   16.092228] md: raid0 personality registered for level 0
[   16.185404] md: raid1 personality registered for level 1
[   16.267339] raid6: sse2x1   gen()  7309 MB/s
[   16.335860] raid6: sse2x1   xor()  6016 MB/s
[   16.407282] raid6: sse2x2   gen()  9270 MB/s
[   16.482984] raid6: sse2x2   xor()  5979 MB/s
[   16.593226] raid6: sse2x4   gen()  7437 MB/s
[   16.670997] raid6: sse2x4   xor()  7823 MB/s
[   16.675522] raid6: using algorithm sse2x2 gen() 9270 MB/s
[   16.697017] raid6: .... xor() 5979 MB/s, rmw enabled
[   16.739741] raid6: using ssse3x2 recovery algorithm
[   16.742980] xor: automatically using best checksumming function: avx
[   16.747771] async_tx: api initialized (async)
[   16.762767] md: raid6 personality registered for level 6
[   16.768516] md: raid5 personality registered for level 5
[   16.770155] md: raid4 personality registered for level 4
[   16.788624] md: raid10 personality registered for level 10
done.
Begin: Running /scripts/init-premount ... done.
Begin: Mounting root file system ... Begin: Running /scripts/l[   16.844101] Btrfs loaded, crc32c=crc32c-intel
ocal-top ... done.
Begin: Running /scripts/local-premount ... Scanning for Btrfs filesystems
done.
Warning: fsck no[   16.902843] EXT4-fs (sda1): INFO: recovery required on readonly filesystem
t present, so sk[   16.918167] EXT4-fs (sda1): write access will be enabled during recovery
ipping root file system
[   16.961150] EXT4-fs (sda1): orphan cleanup on readonly fs
[   16.976541] EXT4-fs (sda1): 5 orphan inodes deleted
[   16.978105] EXT4-fs (sda1): recovery complete
[   16.985707] EXT4-fs (sda1): mounted filesystem with ordered data mode. Opts: (null)
done.
Begin: Running /scripts/local-bottom ... done.
Begin: Running /scripts/init-bottom ... done.
[   7.5564 i_tables: (C) 2000-2006 Netfilter Core Team

[   17.77] stmd[1]: systemd 231 nning in system mode. (+PAM +AUDIT +SELINUX +IMA +APPARMOR +SMACK +SYSVINIT +UTMP +LIBCRYPTSETUP +GCRYPT +GNUTLS +ACL +XZ -LZ+SCCOMP +BLKID +ELFUTILS +KMOD +IDN)
[  17.944582] systemd[1]: Detected virtualization oracle.
[  1.981054] systemd[1]: Detected architecture x86-64.

Welcome to [1mUbuntu 16.10[0m!

[ 181559]syted[1]:Se hstname to <rails-dev-box>.

[ 197831]syemd[1: isenngon udev Control Socket.

[[0;32m  OK  [0m] Listening on udev Control Socket.
[   20.148923 sstd[: stin oLVM madata daemon socket.
[[0;32m  OK  [0m] Listening on LVM2 metadata daemon socket.
[ 206646] systemd[1]:Rehe trgt Encrypted Volumes.
[[0;32m  OK  [0m] Reached target Encrypted Volumes.
[   216166]syemd[1]: Lisenng onJonaAut ck.
[[0;32m  OK  [0m] Listening on Journal Audit Socket.
[ 22088]ysmd]:Listening on /dev/initctl Compatibility Named Pipe.
[[0;32m  OK  [0m] Listening on /dev/initctl Compatibility Named Pipe.
[ 22006]ysmd]:isni o udev Kernel Socket.
[[0;32m  OK  [0m] Listening on udev Kernel Socket.
[ 23.143785]syem1]Lieng  LM2 poll daemon socket.
[[0;32m  OK  [0m] Listening on LVM2 poll daemon socket.
[   3.639] systemd[1]: Created slice System Slice.
[[0;32m  OK  [0m] Created slice System Slice.
[   24.579975] systemd[1]: Created slice system-serial\x2dgetty.slice.
[[0;32m  OK  [0m] Created slice system-serial\x2dgetty.slice.
[   24.623835] systemd[1]: Created slice system-postgresql.slice.
[[0;32m  OK  [0m] Created slice system-postgresql.slice.
[   4.645 stemd[1]: Created slice User and Session Slice.
[[0;32m  OK  [0m] Created slice User and Session Slice.
[ 249138syem1]RehetageSles
[[0;32m  OK  [0m] Reached target Slices.
[   255994] systemd[1]: Listening on Syslog Socket.
[[0;32m  OK  [0m] Listening on Syslog Socket.
[   25.686877] systemd[1]: Reached target User and Group Name Lookups.
[[0;32m  OK  [0m] Reached target User and Group Name Lookups.
[  2.536227] systemd[1]: Started Forward Password Requests to Wall Directory Watch.
[[0;32m  OK  [0m] Started Forward Password Requests to Wall Directory Watch.
[ 26568]ysmd1] St  aomunArtry Executable File Formats File System Automount Point.

[[0;32m  OK  [0m] Set up automount Arbitrary Executab...ats File System Automount Point.
[[0;32m  OK  [0m] Listening on Device-mapper event daemon FIFOs.
[   28.5795sysmd1] Listein oJona Ske.
[[0;32m  OK  [0m] Listening on Journal Socket.
[   29.183519] systemd[1]: Mounting Huge Pages File System...
         Mounting Huge Pages File System...
[   29.194508] systemd[1]: Starting Load Kernel Modules...
         Starting Load Kernel Modules...
[   29.227773] systemd[1]: Starting Set the console keyboard layout...
         Starting Set the consol[   29.233282] Loading iSCSI transport class v2.0-870.
e keyboard layout...
[   29.242164] systemd[1]: Starting Remount Root and Kernel File Systems...
         Starting Remount Root and Kernel File Systems...
[   29.273485] EXT4-fs (sda1): re-mounted. Opts: (null)
[   29.297612] systemd[1]: Mounting POSIX Message Queue File System...
[   29.301745] iscsi: registered transport (tcp)
         Mounting POSIX Message Queue File System...
[   29.333029] iscsi: registered transport (iser)
[   29.351276] systemd[1]: Starting Uncomplicated firewall...
         Starting Uncomplicated firewall...
[   29.411866] systemd[1]: Mounting Debug File System...
         Mounting Debug File System...
[   29.442109] systemd[1]: Starting Nameserver information manager...
         Starting Nameserver information manager...
[   29.511573] systemd[1]: Starting Create list of required static device nodes for the current kernel...
         Starting Create list of required st... nodes for the current kernel...
         Starting Monitoring of LVM2 mirrors... dmeventd or progress polling...
[[0;32m  OK  [0m] Listening on Journal Socket (/dev/log).
         Starting Journal Service...
[[0;32m  OK  [0m] Mounted POSIX Message Queue File System.
[[0;32m  OK  [0m] Mounted Debug File System.
[[0;32m  OK  [0m] Mounted Huge Pages File System.
[[0;32m  OK  [0m] Started Journal Service.
[[0;32m  OK  [0m] Started Load Kernel Modules.
[[0;32m  OK  [0m] Started Remount Root and Kernel File Systems.
[[0;32m  OK  [0m] Started Uncomplicated firewall.
[[0;32m  OK  [0m] Started Creat[   30.590871] random: crng init done
e list of required sta...ce nodes for the current kernel.
[[0;32m  OK  [0m] Started Nameserver information manager.
[[0;32m  OK  [0m] Started LVM2 metadata daemon.
         Starting Create Static Device Nodes in /dev...
         Starting Initial cloud-init job (pre-networking)...
         Activating swap /swapfile...
[   30.842222] Adding 2097148k swap on /swapfile.  Priority:-1 extents:6 across:2506748k FS
         Starting Load/Save Random Seed...
         Starting udev Coldplug all Devices...
         Mounting Configuration File System...
         Mounting FUSE Control File System...
         Starting Apply Kernel Variables...
         Starting Flush Journal to Persistent Storage...
[[0;32m  OK  [0m] Activated swap /swapfile.
[[0;32m  OK  [0m] Mounted FUSE Control File System.
[[0;32m  OK  [0m] Mounted Configuration File System.
[[0;32m  OK  [0m] Started Monitoring of LVM2 mirrors,...ng dmeventd or progress polling.
[[0;32m  OK  [0m] Started Create Static Device Nodes in /dev.
[[0;32m  OK  [0m] Started Load/Save Random Seed.
[[0;32m  OK  [0m] Started Apply Kernel Variables.
         Starting udev Kernel Device Manager...
[[0;32m  OK  [0m] Reached target Swap.
[[0;32m  OK  [0m] Started Flush Journal to Persistent Storage.
[[0;32m  OK  [0m] Started udev Coldplug all Devices.
[[0;32m  OK  [0m] Started udev Kernel Device Manager.
[[0;32m  OK  [0m] Started Set the console keyboard layout.
[[0;32m  OK  [0m] Started Dispatch Password Requests to Console Directory Watch.
[[0;32m  OK  [0m] Reached target Local File Systems (Pre).
[[0;32m  OK  [0m] Reached target Local File Systems.
         Starting Tell Plymouth To Write Out Runtime Data...
         Starting Create Volatile Files and Directories...
         Starting ebtables ruleset management...
         Starting Set console font and keymap...
         Starting AppArmor initialization...
[[0;32m  OK  [0m] Started Tell Plymouth To Write Out Runtime Data.
[[0;32m  OK  [0m] Started Create Volatile Files and Directories.
[[0;32m  OK  [0m] Started Set console font and keymap.
         Starting Update UTMP about System Boot/Shutdown...
[[0;32m  OK  [0m] Reached target System Time Synchronized.
[[0;32m  OK  [0m] Started Update UTMP about System Boot/Shutdown.
[[0;32m  OK  [0m] Started ebtables ruleset management.
[[0;32m  OK  [0m] Found device /dev/ttyS0.
[[0;32m  OK  [0m] Started AppArmor initialization.
[[0;32m  OK  [0m] Listening on Load/Save RF Kill Switch Status /dev/rfkill Watch.
[[0;32m  OK  [0m] Found device 82540EM Gigabit Ethern...r (PRO/1000 MT Desktop Adapter).
[   29.437039] cloud-init[459]: Cloud-init v. 0.7.9 running 'init-local' at Wed, 10 May 2017 22:20:27 +0000. Up 28.93 seconds.
[[0;32m  OK  [0m] Started Initial cloud-init job (pre-networking).
[[0;32m  OK  [0m] Reached target Network (Pre).
         Starting Raise network interfaces...
[[0;32m  OK  [0m] Started ifup for enp0s3.
[[0;32m  OK  [0m] Started Raise network interfaces.
         Starting Initial cloud-init job (metadata service crawler)...
[[0;32m  OK  [0m] Reached target Network.
[   32.296337] cloud-init[1042]: Cloud-init v. 0.7.9 running 'init' at Wed, 10 May 2017 22:20:30 +0000. Up 31.97 seconds.
[   32.316580] cloud-init[1042]: ci-info: +++++++++++++++++++++++++++++Net device info++++++++++++++++++++++++++++++
[   32.324094] cloud-init[1042]: ci-info: +---------+------+-----------+---------------+-------+-------------------+
[   32.333649] cloud-init[1042]: ci-info: |  Device |  Up  |  Address  |      Mask     | Scope |     Hw-Address    |
[   32.345385] cloud-init[1042]: ci-info: +---------+------+-----------+---------------+-------+-------------------+
[   32.368832] cloud-init[1042]: ci-info: |   lo:   | True | 127.0.0.1 |   255.0.0.0   |   .   |         .         |
[[0;32m  OK  [0m] Started Initial cloud-init job (metadata service crawler).
[[0;32m  OK  [0m] Reached target System Initialization.
[   32.383060] cloud-init[1042]: ci-info: |   lo:   | True |     .     |       .       |   d   |         .         |
[   32.409173] [cloud-init[0;32m  OK  [0m[1042]: ] ci-info: | enp0s3: | True | 10.0.2.15 | 255.255.255.0 |   .   | 02:6b:67:86:7c:39 |Started ACPI Events Check.

[   32.435247] [[0;32m  OK  [0m] Reached target Paths.
cloud-init[1042]: ci-info: | enp0s3: | True |     .     |       .       |   d   | 02:6b:67:86:7c:39 |
[   32.444347] [cloud-init[0;32m  OK  [0m[1042]: ] ci-info: +---------+------+-----------+---------------+-------+-------------------+Listening on ACPID Listen Socket.

[   32.451738]          Starting Socket activation for snappy daemon.
cloud-init[1042]: ci-info: +++++++++++++++++++++++++++Route IPv4 info++++++++++++++++++++++++++++
[   32.465381] [cloud-init[0;32m  OK  [0m[1042]: ] ci-info: +-------+-------------+----------+---------------+-----------+-------+Listening on D-Bus System Message Bus Socket.

[   32.471882]          cloud-initStarting LXD - unix socket.[1042]: 
ci-info: | Route | Destination | Gateway  |    Genmask    | Interface | Flags |
[   32.478040] [[0;32m  OK  [0m] Started Daily Cleanup of Temporary Directories.
[[0;32m  OK  [0m] Listening on UUID daemon activation socket.
cloud-init[1042]: ci-info: +-------+-------------+----------+---------------+-----------+-------+
[   32.489718] [[0;32m  OK  [0m] Started Daily apt activities.
[[0;32m  OK  [0m] Started Timer to automatically refresh installed snaps.
cloud-init[1042]: ci-info: |   0   |   0.0.0.0   | 10.0.2.2 |    0.0.0.0    |   enp0s3  |   UG  |
[   32.603512] cloud-init[1042]: ci-info: |   1   |   10.0.2.0  | 0.0.0.0  | 255.255.255.0 |   enp0s3  |   U   |
[[0;32m  OK  [0m] Reached target Timers.
[   32.604431] [[0;32m  OK  [0m] Reached target Cloud-config availability.
[[0;32m  OK  [0m] Reached target Network is Online.
cloud-init[1042]: ci-info: +-------+-------------+----------+---------------+-----------+-------+
         Starting iSCSI initiator daemon (iscsid)...
[[0;32m  OK  [0m] Listening on Socket activation for snappy daemon.
[[0;32m  OK  [0m] Listening on LXD - unix socket.
[[0;32m  OK  [0m] Reached target Sockets.
[[0;32m  OK  [0m] Reached target Basic System.
         Starting Daily apt activities...
         Starting Accounts Service...
[[0;32m  OK  [0m] Started Deferred execution scheduler.
[[0;32m  OK  [0m] Started Regular background program processing daemon.
         Starting RabbitMQ Messaging Server...
         Starting LSB: VirtualBox Linux Additions kernel modules...
[[0;32m  OK  [0m] Started FUSE filesystem for LXC.
         Starting MySQL Community Server...
         Starting Login Service...
         Starting PostgreSQL Cluster 9.5-main...
         Starting LSB: Record successful boot for GRUB...
[[0;32m  OK  [0m] Started D-Bus System Message Bus.
[[0;32m  OK  [0m] Started memcached daemon.
[[0;32m  OK  [0m] Started ACPI event daemon.
         Starting System Logging Service...
         Starting Apply the settings specified in cloud-config...
         Starting Advanced key-value store...
         Starting Network Name Resolution...
         Starting OpenBSD Secure Shell server...
         Starting LXD - container startup/shutdown...
[[0;32m  OK  [0m] Started Snappy daemon.
         Starting Auto import assertions from block devices...
[[0;32m  OK  [0m] Started System Logging Service.
[[0;32m  OK  [0m] Started iSCSI initiator daemon (iscsid).
[[0;1;31mFAILED[0m] Failed to start LSB: VirtualBox Linux Additions kernel modules.
See 'systemctl status vboxadd.service' for details.
[[0;32m  OK  [0m] Started OpenBSD Secure Shell server.
[[0;32m  OK  [0m] Started Login Service.
         Starting Authenticate and Authorize Users to Run Privileged Tasks...
         Starting LSB: VirtualBox Additions service...
         Starting Login to default iSCSI targets...
[[0;32m  OK  [0m] Started LSB: Record successful boot for GRUB.
[[0;1;31mFAILED[0m] Failed to start LSB: VirtualBox Additions service.
See 'systemctl status vboxadd-service.service' for details.
[[0;32m  OK  [0m] Started Authenticate and Authorize Users to Run Privileged Tasks.
[[0;32m  OK  [0m] Started Auto import assertions from block devices.
[[0;32m  OK  [0m] Started Login to default iSCSI targets.
[[0;32m  OK  [0m] Started Accounts Service.
[[0;32m  OK  [0m] Reached target Remote File Systems (Pre).
[[0;32m  OK  [0m] Reached target Remote File Systems.
         Starting LSB: automatic crash report generation...
         Starting LSB: Start/stop sysstat's sadc...
         Starting LSB: daemon to balance interrupts for SMP systems...
         Starting Permit User Sessions...
[[0;32m  OK  [0m] Started Permit User Sessions.
         Starting Terminate Plymouth Boot Screen...
         Starting Hold until boot process finishes up...
[[0;32m  OK  [0m] Started Network Name Resolution.
[[0;32m  OK  [0m] Started Terminate Plymouth Boot Screen.
[[0;32m  OK  [0m] Started Hold until boot process finishes up.
[[0;32m  OK  [0m] Started Advanced key-value store.
[[0;32m  OK  [0m] Started Serial Getty on ttyS0.
         Starting Set console scheme...
[[0;32m  OK  [0m] Started Set console scheme.
[[0;32m  OK  [0m] Started LSB: automatic crash report generation.
[[0;32m  OK  [0m] Started LSB: Start/stop sysstat's sadc.
[[0;32m  OK  [0m] Started LSB: daemon to balance interrupts for SMP systems.
[[0;32m  OK  [0m] Created slice system-getty.slice.
[[0;32m  OK  [0m] Started Getty on tty1.
[[0;32m  OK  [0m] Reached target Login Prompts.
[[0;32m  OK  [0m] Started LXD - container startup/shutdown.
[   35.824540] cloud-init[1290]: Cloud-init v. 0.7.9 running 'modules:config' at Wed, 10 May 2017 22:20:33 +0000. Up 35.45 seconds.
[[0;32m  OK  [0m] Started MySQL Community Server.
[[0;32m  OK  [0m] Started Apply the settings specified in cloud-config.
[[0;32m  OK  [0m] Started PostgreSQL Cluster 9.5-main.
         Starting PostgreSQL RDBMS...
[[0;32m  OK  [0m] Started PostgreSQL RDBMS.
[[0;32m  OK  [0m] Created slice User Slice of ubuntu.
         Starting User Manager for UID 1000...
[[0;32m  OK  [0m] Started Session 1 of user ubuntu.
[[0;32m  OK  [0m] Started User Manager for UID 1000.
[[0;32m  OK  [0m] Started RabbitMQ Messaging Server.
[[0;32m  OK  [0m] Reached target Multi-User System.
[[0;32m  OK  [0m] Reached target Graphical Interface.
         Starting Execute cloud user/final scripts...
         Starting Update UTMP about System Runlevel Changes...
[[0;32m  OK  [0m] Started Update UTMP about System Runlevel Changes.
[   39.115151] cloud-init[1867]: Cloud-init v. 0.7.9 running 'modules:final' at Wed, 10 May 2017 22:20:37 +0000. Up 38.99 seconds.
[   39.121723] cloud-init[1867]: Cloud-init v. 0.7.9 finished at Wed, 10 May 2017 22:20:37 +0000. Datasource DataSourceNoCloud [seed=/dev/sdb][dsmode=net].  Up 39.10 seconds
[[0;32m  OK  [0m] Started Execute cloud user/final scripts.
[[0;32m  OK  [0m] Reached target Cloud-init target.

Ubuntu 16.10 rails-dev-box ttyS0

rails-dev-box login:          Stopping Authenticate and Authorize Users to Run Privileged Tasks...
[[0;32m  OK  [0m] Stopped target Graphical Interface.
[[0;32m  OK  [0m] Stopped target Cloud-init target.
[[0;32m  OK  [0m] Stopped Execute cloud user/final scrip         Stopping System Logging Service...
         Stopping D-Bus System Message Bus...
         Stopping OpenBSD Secure Shell server...
         Stopping Snappy daemon...
         Stopping LSB: Record successful boot for GRUB...
         Stopping Deferred execution scheduler...
[[0;32m  OK  [0m] Unmounted /var/lib/lxcfs.
[[0;32m  OK  [0m] Stopped Daily apt activities.
[[0;32m  OK  [0m] Stopped Accounts Service.
[[0;32m  OK  [0m] Stopped Deferred execution scheduler.
[[0;32m  OK  [0m] Stopped Regular background program processing daemon.
[[0;32m  OK  [0m] Stopped memcached daemon.
[[0;32m  OK  [0m] Stopped ACPI event daemon.
[[0;32m  OK  [0m] Stopped System Logging Service.
[[0;32m  OK  [0m] Stopped OpenBSD Secure Shell server.
[[0;32m  OK  [0m] Stopped Snappy daemon.
[[0;32m  OK  [0m] Stopped Authenticate and Authorize Users to Run Privileged Tasks.
[[0;32m  OK  [0m] Stopped Serial Getty on ttyS0.
[[0;32m  OK  [0m] Stopped Getty on tty1.
[[0;32m  OK  [0m] Stopped User Manager for UID 1000.
[[0;32m  OK  [0m] Stopped Session 3 of user ubuntu.
[[0;32m  OK  [0m] Stopped RabbitMQ Messaging Server.
[[0;32m  OK  [0m] Stopped D-Bus System Message Bus.
[[0;32m  OK  [0m] Stopped FUSE filesystem for LXC.
[[0;32m  OK  [0m] Stopped Network Name Resolution.
[[0;32m  OK  [0m] Stopped LXD - container startup/shutdown.
[[0;32m  OK  [0m] Stopped LSB: daemon to balance interrupts for SMP systems.
[[0;32m  OK  [0m] Stopped LSB: Start/stop sysstat's sadc.
[[0;32m  OK  [0m] Stopped LSB: automatic crash report generation.
[[0;32m  OK  [0m] Stopped LSB: Record successful boot for GRUB.
[[0;32m  OK  [0m] Stopped PostgreSQL Cluster 9.5-main.
[[0;32m  OK  [0m] Stopped Advanced key-value store.
[[0;32m  OK  [0m] Removed slice system-postgresql.slice.
[[0;32m  OK  [0m] Removed slice User Slice of ubuntu.
         Stopping Login Service...
[[0;32m  OK  [0m] Removed slice system-getty.slice.
[[0;32m  OK  [0m] Removed slice system-serial\x2dgetty.slice.
         Stopping Permit User Sessions...
[[0;32m  OK  [0m] Stopped Daily apt activities.
[[0;32m  OK  [0m] Stopped target System Time Synchronized.
[[0;32m  OK  [0m] Stopped Login Service.
[[0;32m  OK  [0m] Stopped MySQL Community Server.
[[0;32m  OK  [0m] Stopped Permit User Sessions.
[[0;32m  OK  [0m] Stopped target Remote File Systems.
[[0;32m  OK  [0m] Stopped target Remote File Systems (Pre).
         Stopping Login to default iSCSI targets...
[[0;32m  OK  [0m] Stopped target Basic System.
[[0;32m  OK  [0m] Stopped target Paths.
[[0;32m  OK  [0m] Stopped ACPI Events Check.
[[0;32m  OK  [0m] Stopped Dispatch Password Requests to Console Directory Watch.
[[0;32m  OK  [0m] Stopped Forward Password Requests to Wall Directory Watch.
[[0;32m  OK  [0m] Stopped target Sockets.
[[0;32m  OK  [0m] Closed UUID daemon activation socket.
[[0;32m  OK  [0m] Closed D-Bus System Message Bus Socket.
[[0;32m  OK  [0m] Closed Socket activation for snappy daemon.
[[0;32m  OK  [0m] Closed ACPID Listen Socket.
[[0;32m  OK  [0m] Closed Syslog Socket.
[[0;32m  OK  [0m] Closed LXD - unix socket.
[[0;32m  OK  [0m] Stopped target Slices.
[[0;32m  OK  [0m] Removed slice User and Session Slice.
[[0;32m  OK  [0m] Stopped target System Initialization.
[[0;32m  OK  [0m] Stopped target Encrypted Volumes.
[[0;32m  OK  [0m] Stopped target Swap.
         Deactivating swap /swapfile...
         Stopping Load/Save Random Seed...
         Stopping Update UTMP about System Boot/Shutdown...
[[0;32m  OK  [0m] Stopped target User and Group Name Lookups.
[[0;32m  OK  [0m] Deactivated swap /swapfile.
[[0;32m  OK  [0m] Stopped Load/Save Random Seed.
[[0;32m  OK  [0m] Stopped Update UTMP about System Boot/Shutdown.
[[0;32m  OK  [0m] Stopped Login to default iSCSI targets.
         Stopping iSCSI initiator daemon (iscsid)...
[[0;32m  OK  [0m] Stopped Create Volatile Files and Directories.
[[0;32m  OK  [0m] Stopped iSCSI initiator daemon (iscsid).
[[0;32m  OK  [0m] Stopped target Network is Online.
[[0;32m  OK  [0m] Stopped target Network.
         Stopping ifup for enp0s3...
[[0;32m  OK  [0m] Stopped Initial cloud-init job (metadata service crawler).
         Stopping Raise network interfaces...
[[0;32m  OK  [0m] Stopped Raise network interfaces.
[[0;32m  OK  [0m] Stopped ifup for enp0s3.
[[0;32m  OK  [0m] Stopped target Network (Pre).
[[0;32m  OK  [0m] Stopped Initial cloud-init job (pre-networking).
[[0;32m  OK  [0m] Stopped Apply Kernel Variables.
[[0;32m  OK  [0m] Stopped Load Kernel Modules.
[[0;32m  OK  [0m] Stopped target Local File Systems.
         Unmounting /run/user/1000...
         Starting Unattended Upgrades Shutdown...
[[0;32m  OK  [0m] Unmounted /run/user/1000.
[[0;32m  OK  [0m] Reached target Unmount All Filesystems.
[[0;32m  OK  [0m] Stopped target Local File Systems (Pre).
[[0;32m  OK  [0m] Stopped Remount Root and Kernel File Systems.
[[0;32m  OK  [0m] Stopped Create Static Device Nodes in /dev.
         Stopping Monitoring of LVM2 mirrors... dmeventd or progress polling...
[[0;32m  OK  [0m] Started Unattended Upgrades Shutdown.
[[0;32m  OK  [0m] Stopped Monitoring of LVM2 mirrors,...ng dmeventd or progress polling.
         Stopping LVM2 metadata daemon...
[[0;32m  OK  [0m] Reached target Shutdown.
[[0;32m  OK  [0m] Reached target Final Step.
         Starting Power-Off...
[[0;32m  OK  [0m] Stopped LVM2 metadata daemon.
[   63.172897] reboot: Power down
